AndroidStudioProjects/termux-app-0.92/app/build/intermediates/manifest_merge_blame_file/debug/manifest-merger-blame-debug-report.txt
1<?xml version="1.0" encoding="utf-8"?>
2<manifest xmlns:android="http://schemas.android.com/apk/res/android"
3    package="com.termux"
4    android:installLocation="internalOnly"
5    android:sharedUserId="com.termux"
6    android:sharedUserLabel="@string/shared_user_label"
7    android:versionCode="92"
8    android:versionName="0.92" >
9
10    <uses-sdk
11        android:minSdkVersion="24"
11-->src\main\AndroidManifest.xml
12        android:targetSdkVersion="28" />
12-->src\main\AndroidManifest.xml
13
14    <uses-feature
14-->src\main\AndroidManifest.xml:8:5-90
15        android:name="android.hardware.touchscreen"
15-->src\main\AndroidManifest.xml:8:19-62
16        android:required="false" />
16-->src\main\AndroidManifest.xml:8:63-87
17    <uses-feature
17-->src\main\AndroidManifest.xml:9:5-87
18        android:name="android.software.leanback"
18-->src\main\AndroidManifest.xml:9:19-59
19        android:required="false" />
19-->src\main\AndroidManifest.xml:9:60-84
20
21    <uses-permission android:name="android.permission.ACCESS_NETWORK_STATE" />
21-->src\main\AndroidManifest.xml:11:5-79
21-->src\main\AndroidManifest.xml:11:22-76
22    <uses-permission android:name="android.permission.INTERNET" />
22-->src\main\AndroidManifest.xml:12:5-67
22-->src\main\AndroidManifest.xml:12:22-64
23    <uses-permission android:name="android.permission.WRITE_EXTERNAL_STORAGE" />
23-->src\main\AndroidManifest.xml:13:5-81
23-->src\main\AndroidManifest.xml:13:22-78
24    <uses-permission android:name="android.permission.WAKE_LOCK" />
24-->src\main\AndroidManifest.xml:14:5-68
24-->src\main\AndroidManifest.xml:14:22-65
25    <uses-permission android:name="android.permission.VIBRATE" />
25-->src\main\AndroidManifest.xml:15:5-66
25-->src\main\AndroidManifest.xml:15:22-63
26    <uses-permission android:name="android.permission.FOREGROUND_SERVICE" />
26-->src\main\AndroidManifest.xml:16:5-77
26-->src\main\AndroidManifest.xml:16:22-74
27    <uses-permission android:name="android.permission.REQUEST_IGNORE_BATTERY_OPTIMIZATIONS" />
27-->src\main\AndroidManifest.xml:17:5-94
27-->src\main\AndroidManifest.xml:17:22-92
28
29    <application
29-->src\main\AndroidManifest.xml:19:5-125:19
30        android:allowBackup="false"
30-->src\main\AndroidManifest.xml:21:9-36
31        android:appComponentFactory="androidx.core.app.CoreComponentFactory"
31-->[androidx.core:core:1.0.0] AndroidManifest.xml:22:18-86
32        android:banner="@drawable/banner"
32-->src\main\AndroidManifest.xml:23:9-42
33        android:debuggable="true"
34        android:extractNativeLibs="true"
34-->src\main\AndroidManifest.xml:20:9-41
35        android:icon="@drawable/ic_launcher"
35-->src\main\AndroidManifest.xml:22:9-45
36        android:label="@string/application_name"
36-->src\main\AndroidManifest.xml:24:9-49
37        android:supportsRtl="false"
37-->src\main\AndroidManifest.xml:26:9-36
38        android:theme="@style/Theme.Termux" >
38-->src\main\AndroidManifest.xml:25:9-44
39
40        <!--
41             This (or rather, value 2.1 or higher) is needed to make the Samsung Galaxy S8
42             mark the app with "This app is optimized to run in full screen."
43        -->
44        <meta-data
44-->src\main\AndroidManifest.xml:30:9-77
45            android:name="android.max_aspect"
45-->src\main\AndroidManifest.xml:30:20-53
46            android:value="10.0" />
46-->src\main\AndroidManifest.xml:30:54-74
47
48        <activity
48-->src\main\AndroidManifest.xml:32:9-48:20
49            android:name="com.termux.app.TermuxActivity"
49-->src\main\AndroidManifest.xml:33:13-57
50            android:configChanges="orientation|screenSize|smallestScreenSize|density|screenLayout|uiMode|keyboard|keyboardHidden|navigation"
50-->src\main\AndroidManifest.xml:35:6-134
51            android:label="@string/application_name"
51-->src\main\AndroidManifest.xml:34:6-46
52            android:launchMode="singleTask"
52-->src\main\AndroidManifest.xml:36:13-44
53            android:resizeableActivity="true"
53-->src\main\AndroidManifest.xml:37:13-46
54            android:windowSoftInputMode="adjustResize|stateAlwaysVisible" >
54-->src\main\AndroidManifest.xml:38:6-67
55            <intent-filter>
55-->src\main\AndroidManifest.xml:39:13-42:29
56                <action android:name="android.intent.action.MAIN" />
56-->src\main\AndroidManifest.xml:40:17-69
56-->src\main\AndroidManifest.xml:40:25-66
57
58                <category android:name="android.intent.category.LAUNCHER" />
58-->src\main\AndroidManifest.xml:41:17-77
58-->src\main\AndroidManifest.xml:41:27-74
59            </intent-filter>
60            <intent-filter>
60-->src\main\AndroidManifest.xml:43:13-46:29
61                <action android:name="android.intent.action.MAIN" />
61-->src\main\AndroidManifest.xml:40:17-69
61-->src\main\AndroidManifest.xml:40:25-66
62
63                <category android:name="android.intent.category.LEANBACK_LAUNCHER" />
63-->src\main\AndroidManifest.xml:45:17-86
63-->src\main\AndroidManifest.xml:45:27-83
64            </intent-filter>
65
66            <meta-data
66-->src\main\AndroidManifest.xml:47:13-97
67                android:name="android.app.shortcuts"
67-->src\main\AndroidManifest.xml:47:24-60
68                android:resource="@xml/shortcuts" />
68-->src\main\AndroidManifest.xml:47:61-94
69        </activity>
70
71        <activity-alias
71-->src\main\AndroidManifest.xml:89:9-99:26
72            android:name="com.termux.HomeActivity"
72-->src\main\AndroidManifest.xml:90:13-41
73            android:targetActivity="com.termux.app.TermuxActivity" >
73-->src\main\AndroidManifest.xml:91:13-67
74
75            <!-- Launch activity automatically on boot on Android Things devices -->
76            <intent-filter>
76-->src\main\AndroidManifest.xml:94:13-98:29
77                <action android:name="android.intent.action.MAIN" />
77-->src\main\AndroidManifest.xml:40:17-69
77-->src\main\AndroidManifest.xml:40:25-66
78
79                <category android:name="android.intent.category.IOT_LAUNCHER" />
79-->src\main\AndroidManifest.xml:96:17-80
79-->src\main\AndroidManifest.xml:96:27-78
80                <category android:name="android.intent.category.DEFAULT" />
80-->src\main\AndroidManifest.xml:68:17-76
80-->src\main\AndroidManifest.xml:68:27-73
81            </intent-filter>
82        </activity-alias>
83
84        <activity
84-->src\main\AndroidManifest.xml:50:9-56:56
85            android:name="com.termux.app.TermuxHelpActivity"
85-->src\main\AndroidManifest.xml:51:13-61
86            android:exported="false"
86-->src\main\AndroidManifest.xml:52:13-37
87            android:label="@string/application_name"
87-->src\main\AndroidManifest.xml:56:13-53
88            android:parentActivityName="com.termux.app.TermuxActivity"
88-->src\main\AndroidManifest.xml:54:13-61
89            android:resizeableActivity="true"
89-->src\main\AndroidManifest.xml:55:13-46
90            android:theme="@android:style/Theme.Material.Light.DarkActionBar" />
90-->src\main\AndroidManifest.xml:53:13-78
91        <activity
91-->src\main\AndroidManifest.xml:58:9-87:20
92            android:name="com.termux.filepicker.TermuxFileReceiverActivity"
92-->src\main\AndroidManifest.xml:59:13-76
93            android:excludeFromRecents="true"
93-->src\main\AndroidManifest.xml:62:13-46
94            android:label="@string/application_name"
94-->src\main\AndroidManifest.xml:60:13-53
95            android:noHistory="true"
95-->src\main\AndroidManifest.xml:64:13-37
96            android:resizeableActivity="true"
96-->src\main\AndroidManifest.xml:63:13-46
97            android:taskAffinity="com.termux.filereceiver" >
97-->src\main\AndroidManifest.xml:61:13-59
98
99            <!-- Accept multiple file types when sending. -->
100            <intent-filter>
100-->src\main\AndroidManifest.xml:66:13-76:29
101                <action android:name="android.intent.action.SEND" />
101-->src\main\AndroidManifest.xml:67:17-68
101-->src\main\AndroidManifest.xml:67:25-66
102
103                <category android:name="android.intent.category.DEFAULT" />
103-->src\main\AndroidManifest.xml:68:17-76
103-->src\main\AndroidManifest.xml:68:27-73
104
105                <data android:mimeType="application/*" />
105-->src\main\AndroidManifest.xml:69:17-58
105-->src\main\AndroidManifest.xml:69:23-55
106                <data android:mimeType="audio/*" />
106-->src\main\AndroidManifest.xml:69:17-58
106-->src\main\AndroidManifest.xml:69:23-55
107                <data android:mimeType="image/*" />
107-->src\main\AndroidManifest.xml:69:17-58
107-->src\main\AndroidManifest.xml:69:23-55
108                <data android:mimeType="message/*" />
108-->src\main\AndroidManifest.xml:69:17-58
108-->src\main\AndroidManifest.xml:69:23-55
109                <data android:mimeType="multipart/*" />
109-->src\main\AndroidManifest.xml:69:17-58
109-->src\main\AndroidManifest.xml:69:23-55
110                <data android:mimeType="text/*" />
110-->src\main\AndroidManifest.xml:69:17-58
110-->src\main\AndroidManifest.xml:69:23-55
111                <data android:mimeType="video/*" />
111-->src\main\AndroidManifest.xml:69:17-58
111-->src\main\AndroidManifest.xml:69:23-55
112            </intent-filter>
113            <!-- Be more restrictive for viewing files, restricting ourselves to text files. -->
114            <intent-filter>
114-->src\main\AndroidManifest.xml:78:13-86:29
115                <action android:name="android.intent.action.VIEW" />
115-->src\main\AndroidManifest.xml:79:17-68
115-->src\main\AndroidManifest.xml:79:25-66
116
117                <category android:name="android.intent.category.DEFAULT" />
117-->src\main\AndroidManifest.xml:68:17-76
117-->src\main\AndroidManifest.xml:68:27-73
118
119                <data android:mimeType="text/*" />
119-->src\main\AndroidManifest.xml:69:17-58
119-->src\main\AndroidManifest.xml:69:23-55
120                <data android:mimeType="application/json" />
120-->src\main\AndroidManifest.xml:69:17-58
120-->src\main\AndroidManifest.xml:69:23-55
121                <data android:mimeType="application/*xml*" />
121-->src\main\AndroidManifest.xml:69:17-58
121-->src\main\AndroidManifest.xml:69:23-55
122                <data android:mimeType="application/*latex*" />
122-->src\main\AndroidManifest.xml:69:17-58
122-->src\main\AndroidManifest.xml:69:23-55
123                <data android:mimeType="application/javascript" />
123-->src\main\AndroidManifest.xml:69:17-58
123-->src\main\AndroidManifest.xml:69:23-55
124            </intent-filter>
125        </activity>
126
127        <provider
127-->src\main\AndroidManifest.xml:101:9-110:20
128            android:name="com.termux.filepicker.TermuxDocumentsProvider"
128-->src\main\AndroidManifest.xml:102:13-63
129            android:authorities="com.termux.documents"
129-->src\main\AndroidManifest.xml:103:13-55
130            android:exported="true"
130-->src\main\AndroidManifest.xml:105:13-36
131            android:grantUriPermissions="true"
131-->src\main\AndroidManifest.xml:104:13-47
132            android:permission="android.permission.MANAGE_DOCUMENTS" >
132-->src\main\AndroidManifest.xml:106:13-69
133            <intent-filter>
133-->src\main\AndroidManifest.xml:107:13-109:29
134                <action android:name="android.content.action.DOCUMENTS_PROVIDER" />
134-->src\main\AndroidManifest.xml:108:17-84
134-->src\main\AndroidManifest.xml:108:25-81
135            </intent-filter>
136        </provider>
137
138        <service
138-->src\main\AndroidManifest.xml:112:9-114:40
139            android:name="com.termux.app.TermuxService"
139-->src\main\AndroidManifest.xml:113:13-56
140            android:exported="false" />
140-->src\main\AndroidManifest.xml:114:13-37
141
142        <receiver android:name="com.termux.app.TermuxOpenReceiver" />
142-->src\main\AndroidManifest.xml:116:9-60
142-->src\main\AndroidManifest.xml:116:19-57
143
144        <provider
144-->src\main\AndroidManifest.xml:118:9-122:86
145            android:name="com.termux.app.TermuxOpenReceiver$ContentProvider"
145-->src\main\AndroidManifest.xml:122:19-83
146            android:authorities="com.termux.files"
146-->src\main\AndroidManifest.xml:118:19-57
147            android:exported="true"
147-->src\main\AndroidManifest.xml:120:19-42
148            android:grantUriPermissions="true"
148-->src\main\AndroidManifest.xml:121:19-53
149            android:readPermission="android.permission.permRead" />
149-->src\main\AndroidManifest.xml:119:19-71
150
151        <meta-data
151-->src\main\AndroidManifest.xml:123:2-87
152            android:name="com.sec.android.support.multiwindow"
152-->src\main\AndroidManifest.xml:123:13-63
153            android:value="true" />
153-->src\main\AndroidManifest.xml:123:64-84
154        <meta-data
154-->src\main\AndroidManifest.xml:124:2-102
155            android:name="com.samsung.android.multidisplay.keep_process_alive"
155-->src\main\AndroidManifest.xml:124:13-79
156            android:value="true" />
156-->src\main\AndroidManifest.xml:124:80-100
157    </application>
158
159</manifest>